<?xml version="1.0" encoding="UTF-8"?>
<!-- Generated by org.testng.reporters.JUnitReportReporter -->
<testsuite hostname="Huseyins-MBP" name="com.hubspot.tests.LoginPageTest" tests="4" failures="0" timestamp="18 Mar 2020 06:05:37 GMT" time="59.811" errors="0">
  <testcase name="getTitle" time="17.204" classname="com.hubspot.tests.LoginPageTest"/>
  <testcase name="LoginTest2" time="15.210" classname="com.hubspot.tests.LoginPageTest"/>
  <testcase name="LoginTest1" time="16.491" classname="com.hubspot.tests.LoginPageTest"/>
  <testcase name="LoginTest3" time="10.906" classname="com.hubspot.tests.LoginPageTest"/>
</testsuite> <!-- com.hubspot.tests.LoginPageTest -->
